<?xml version="1.0" encoding="UTF-8"?>
<testng-results skipped="0" failed="0" ignored="0" total="3" passed="3">
  <reporter-output>
  </reporter-output>
  <suite name="Default suite" duration-ms="90" started-at="2018-09-22T08:56:51Z" finished-at="2018-09-22T08:56:51Z">
    <groups>
    </groups>
    <test name="Default test" duration-ms="90" started-at="2018-09-22T08:56:51Z" finished-at="2018-09-22T08:56:51Z">
      <class name="com.testng.test.DataDriven">
        <test-method status="PASS" signature="setdata(java.lang.String, java.lang.String)[pri:0, instance:com.testng.test.DataDriven@2a2d45ba]" name="setdata" duration-ms="19" started-at="2018-09-22T08:56:51Z" data-provider="getdata" finished-at="2018-09-22T08:56:51Z">
          <params>
            <param index="0">
              <value>
                <![CDATA[username1]]>
              </value>
            </param>
            <param index="1">
              <value>
                <![CDATA[pwd1]]>
              </value>
            </param>
          </params>
          <reporter-output>
          </reporter-output>
        </test-method> <!-- setdata -->
        <test-method status="PASS" signature="setdata(java.lang.String, java.lang.String)[pri:0, instance:com.testng.test.DataDriven@2a2d45ba]" name="setdata" duration-ms="0" started-at="2018-09-22T08:56:51Z" data-provider="getdata" finished-at="2018-09-22T08:56:51Z">
          <params>
            <param index="0">
              <value>
                <![CDATA[username3]]>
              </value>
            </param>
            <param index="1">
              <value>
                <![CDATA[pwd3]]>
              </value>
            </param>
          </params>
          <reporter-output>
          </reporter-output>
        </test-method> <!-- setdata -->
        <test-method status="PASS" signature="setdata(java.lang.String, java.lang.String)[pri:0, instance:com.testng.test.DataDriven@2a2d45ba]" name="setdata" duration-ms="0" started-at="2018-09-22T08:56:51Z" data-provider="getdata" finished-at="2018-09-22T08:56:51Z">
          <params>
            <param index="0">
              <value>
                <![CDATA[username2]]>
              </value>
            </param>
            <param index="1">
              <value>
                <![CDATA[pwd2]]>
              </value>
            </param>
          </params>
          <reporter-output>
          </reporter-output>
        </test-method> <!-- setdata -->
      </class> <!-- com.testng.test.DataDriven -->
    </test> <!-- Default test -->
  </suite> <!-- Default suite -->
</testng-results>
