<?xml version="1.0" encoding="UTF-8"?>
<!-- Generated by org.testng.reporters.JUnitXMLReporter -->
<testsuite hostname="DESKTOP-5U1OGUE" ignored="0" name="Default test" tests="3" failures="0" timestamp="22 Sep 2018 08:56:51 GMT" time="0.09" errors="0">
  <testcase name="setdata" time="0.019" classname="com.testng.test.DataDriven"/>
  <testcase name="setdata" time="0.0" classname="com.testng.test.DataDriven"/>
  <testcase name="setdata" time="0.0" classname="com.testng.test.DataDriven"/>
</testsuite> <!-- Default test -->
