<?xml version="1.0" encoding="UTF-8"?>
<!-- Generated by org.testng.reporters.JUnitXMLReporter -->
<testsuite hostname="DESKTOP-5U1OGUE" ignored="0" name="Test" tests="3" failures="1" timestamp="15 Sep 2018 08:14:34 GMT" time="26.564" errors="0">
  <testcase name="test1" time="5.234" classname="com.testng.test.Firsttest"/>
  <testcase name="test1" time="9.781" classname="com.testng.test.Second"/>
  <testcase name="setData" time="0.0" classname="com.testng.test.DataProviderExample">
    <failure type="org.testng.TestNGException" message="
Cannot inject @Test annotated Method [setData] with [class java.lang.String, class java.lang.String].
For more information on native dependency injection please refer to http://testng.org/doc/documentation-main.html#native-dependency-injection">
      <![CDATA[org.testng.TestNGException: 
Cannot inject @Test annotated Method [setData] with [class java.lang.String, class java.lang.String].
For more information on native dependency injection please refer to http://testng.org/doc/documentation-main.html#native-dependency-injection
... Removed 24 stack frames]]>
    </failure>
  </testcase> <!-- setData -->
</testsuite> <!-- Test -->
